<?xml version="1.0" encoding="UTF-8"?>
<!-- Generated by org.testng.reporters.JUnitXMLReporter -->
<testsuite ignored="0" hostname="VMSPODCD00054" failures="0" tests="4" name="example-tests" time="31.677" errors="0" timestamp="20 Jan 2020 11:37:36 GMT">
  <testcase classname="com.example.tests.FirstSeleniumTestNGTest" name="test" time="1.968"/>
  <testcase classname="com.example.tests.FirstSeleniumTestNGTest" name="testFacebook" time="7.363"/>
  <testcase classname="com.example.tests.GoogleSearch" name="testGoogleSearch" time="4.963"/>
  <testcase classname="com.example.tests.FacebookLogin" name="testFacebookLogin" time="20.06"/>
</testsuite> <!-- example-tests -->
