<?xml version="1.0" encoding="UTF-8"?>
<testng-results ignored="0" total="1" passed="1" failed="0" skipped="0">
  <reporter-output>
  </reporter-output>
  <suite started-at="2019-12-24T10:34:32Z" name="Default suite" finished-at="2019-12-24T10:34:58Z" duration-ms="26830">
    <groups>
    </groups>
    <test started-at="2019-12-24T10:34:32Z" name="Default test" finished-at="2019-12-24T10:34:58Z" duration-ms="26830">
      <class name="com.example.tests.FacebookLogin">
        <test-method is-config="true" signature="setUp()[pri:0, instance:com.example.tests.FacebookLogin@3745e5c6]" started-at="2019-12-24T10:34:32Z" name="setUp" finished-at="2019-12-24T10:34:40Z" duration-ms="8199" status="PASS">
          <reporter-output>
          </reporter-output>
        </test-method> <!-- setUp -->
        <test-method signature="testFacebookLogin()[pri:0, instance:com.example.tests.FacebookLogin@3745e5c6]" started-at="2019-12-24T10:34:40Z" name="testFacebookLogin" finished-at="2019-12-24T10:34:58Z" duration-ms="17867" status="PASS">
          <reporter-output>
          </reporter-output>
        </test-method> <!-- testFacebookLogin -->
        <test-method is-config="true" signature="tearDown()[pri:0, instance:com.example.tests.FacebookLogin@3745e5c6]" started-at="2019-12-24T10:34:58Z" name="tearDown" finished-at="2019-12-24T10:34:58Z" duration-ms="705" status="PASS">
          <reporter-output>
          </reporter-output>
        </test-method> <!-- tearDown -->
      </class> <!-- com.example.tests.FacebookLogin -->
    </test> <!-- Default test -->
  </suite> <!-- Default suite -->
</testng-results>
