<?xml version="1.0" encoding="UTF-8"?>
<testng-results ignored="0" total="4" passed="4" failed="0" skipped="0">
  <reporter-output>
  </reporter-output>
  <suite started-at="2020-01-20T11:37:05Z" name="First Suite" finished-at="2020-01-20T11:37:36Z" duration-ms="31677">
    <groups>
    </groups>
    <test started-at="2020-01-20T11:37:05Z" name="example-tests" finished-at="2020-01-20T11:37:36Z" duration-ms="31677">
      <class name="com.example.tests.FirstSeleniumTestNGTest">
        <test-method is-config="true" signature="before()[pri:0, instance:com.example.tests.FirstSeleniumTestNGTest@4b44655e]" started-at="2020-01-20T11:37:05Z" name="before" finished-at="2020-01-20T11:37:10Z" duration-ms="5194" status="PASS">
          <reporter-output>
          </reporter-output>
        </test-method> <!-- before -->
        <test-method signature="test()[pri:0, instance:com.example.tests.FirstSeleniumTestNGTest@4b44655e]" started-at="2020-01-20T11:37:10Z" name="test" finished-at="2020-01-20T11:37:12Z" duration-ms="1968" status="PASS">
          <reporter-output>
          </reporter-output>
        </test-method> <!-- test -->
        <test-method signature="testFacebook()[pri:0, instance:com.example.tests.FirstSeleniumTestNGTest@4b44655e]" started-at="2020-01-20T11:37:12Z" name="testFacebook" finished-at="2020-01-20T11:37:19Z" duration-ms="7363" status="PASS">
          <reporter-output>
          </reporter-output>
        </test-method> <!-- testFacebook -->
        <test-method is-config="true" signature="after()[pri:0, instance:com.example.tests.FirstSeleniumTestNGTest@4b44655e]" started-at="2020-01-20T11:37:35Z" name="after" finished-at="2020-01-20T11:37:36Z" duration-ms="936" status="PASS">
          <reporter-output>
          </reporter-output>
        </test-method> <!-- after -->
      </class> <!-- com.example.tests.FirstSeleniumTestNGTest -->
      <class name="com.example.tests.GoogleSearch">
        <test-method is-config="true" signature="setUp()[pri:0, instance:com.example.tests.GoogleSearch@1d76aeea]" started-at="2020-01-20T11:37:19Z" name="setUp" finished-at="2020-01-20T11:37:26Z" duration-ms="6376" status="PASS">
          <reporter-output>
          </reporter-output>
        </test-method> <!-- setUp -->
        <test-method signature="testGoogleSearch()[pri:0, instance:com.example.tests.GoogleSearch@1d76aeea]" started-at="2020-01-20T11:37:26Z" name="testGoogleSearch" finished-at="2020-01-20T11:37:31Z" duration-ms="4963" status="PASS">
          <reporter-output>
          </reporter-output>
        </test-method> <!-- testGoogleSearch -->
        <test-method is-config="true" signature="tearDown()[pri:0, instance:com.example.tests.GoogleSearch@1d76aeea]" started-at="2020-01-20T11:37:31Z" name="tearDown" finished-at="2020-01-20T11:37:32Z" duration-ms="997" status="PASS">
          <reporter-output>
          </reporter-output>
        </test-method> <!-- tearDown -->
      </class> <!-- com.example.tests.GoogleSearch -->
      <class name="com.example.tests.FacebookLogin">
        <test-method is-config="true" signature="setUp()[pri:0, instance:com.example.tests.FacebookLogin@290d210d]" started-at="2020-01-20T11:37:10Z" name="setUp" finished-at="2020-01-20T11:37:14Z" duration-ms="4518" status="PASS">
          <reporter-output>
          </reporter-output>
        </test-method> <!-- setUp -->
        <test-method signature="testFacebookLogin()[pri:0, instance:com.example.tests.FacebookLogin@290d210d]" started-at="2020-01-20T11:37:14Z" name="testFacebookLogin" finished-at="2020-01-20T11:37:34Z" duration-ms="20060" status="PASS">
          <reporter-output>
          </reporter-output>
        </test-method> <!-- testFacebookLogin -->
        <test-method is-config="true" signature="tearDown()[pri:0, instance:com.example.tests.FacebookLogin@290d210d]" started-at="2020-01-20T11:37:34Z" name="tearDown" finished-at="2020-01-20T11:37:35Z" duration-ms="929" status="PASS">
          <reporter-output>
          </reporter-output>
        </test-method> <!-- tearDown -->
      </class> <!-- com.example.tests.FacebookLogin -->
    </test> <!-- example-tests -->
  </suite> <!-- First Suite -->
</testng-results>
